Warning[207] D:\LECTURES'S NOTES\4TH YEAR\FIRST SEMESTER\REAL TIME\PROJECTS\ENCS4330-REALTIMEPROJECT-3\MPLAB\MASTER\MASTER.ASM 34 : Found label after column 1. (current_digit)
Warning[207] D:\LECTURES'S NOTES\4TH YEAR\FIRST SEMESTER\REAL TIME\PROJECTS\ENCS4330-REALTIMEPROJECT-3\MPLAB\MASTER\MASTER.ASM 35 : Found label after column 1. (count)
Warning[207] D:\LECTURES'S NOTES\4TH YEAR\FIRST SEMESTER\REAL TIME\PROJECTS\ENCS4330-REALTIMEPROJECT-3\MPLAB\MASTER\MASTER.ASM 36 : Found label after column 1. (num1_tens)
Warning[207] D:\LECTURES'S NOTES\4TH YEAR\FIRST SEMESTER\REAL TIME\PROJECTS\ENCS4330-REALTIMEPROJECT-3\MPLAB\MASTER\MASTER.ASM 37 : Found label after column 1. (num1_unit)
Warning[207] D:\LECTURES'S NOTES\4TH YEAR\FIRST SEMESTER\REAL TIME\PROJECTS\ENCS4330-REALTIMEPROJECT-3\MPLAB\MASTER\MASTER.ASM 38 : Found label after column 1. (num2_tens)
Warning[207] D:\LECTURES'S NOTES\4TH YEAR\FIRST SEMESTER\REAL TIME\PROJECTS\ENCS4330-REALTIMEPROJECT-3\MPLAB\MASTER\MASTER.ASM 39 : Found label after column 1. (num2_unit)
Warning[207] D:\LECTURES'S NOTES\4TH YEAR\FIRST SEMESTER\REAL TIME\PROJECTS\ENCS4330-REALTIMEPROJECT-3\MPLAB\MASTER\MASTER.ASM 40 : Found label after column 1. (timerCounter)
Warning[207] D:\LECTURES'S NOTES\4TH YEAR\FIRST SEMESTER\REAL TIME\PROJECTS\ENCS4330-REALTIMEPROJECT-3\MPLAB\MASTER\MASTER.ASM 41 : Found label after column 1. (position)
Warning[207] D:\LECTURES'S NOTES\4TH YEAR\FIRST SEMESTER\REAL TIME\PROJECTS\ENCS4330-REALTIMEPROJECT-3\MPLAB\MASTER\MASTER.ASM 42 : Found label after column 1. (state)
Warning[207] D:\LECTURES'S NOTES\4TH YEAR\FIRST SEMESTER\REAL TIME\PROJECTS\ENCS4330-REALTIMEPROJECT-3\MPLAB\MASTER\MASTER.ASM 43 : Found label after column 1. (temp1)
Warning[207] D:\LECTURES'S NOTES\4TH YEAR\FIRST SEMESTER\REAL TIME\PROJECTS\ENCS4330-REALTIMEPROJECT-3\MPLAB\MASTER\MASTER.ASM 44 : Found label after column 1. (temp2)
Warning[207] D:\LECTURES'S NOTES\4TH YEAR\FIRST SEMESTER\REAL TIME\PROJECTS\ENCS4330-REALTIMEPROJECT-3\MPLAB\MASTER\MASTER.ASM 45 : Found label after column 1. (temp3)
Warning[207] D:\LECTURES'S NOTES\4TH YEAR\FIRST SEMESTER\REAL TIME\PROJECTS\ENCS4330-REALTIMEPROJECT-3\MPLAB\MASTER\MASTER.ASM 46 : Found label after column 1. (tempAux2)
Warning[207] D:\LECTURES'S NOTES\4TH YEAR\FIRST SEMESTER\REAL TIME\PROJECTS\ENCS4330-REALTIMEPROJECT-3\MPLAB\MASTER\MASTER.ASM 47 : Found label after column 1. (tempAux3)
Warning[207] D:\LECTURES'S NOTES\4TH YEAR\FIRST SEMESTER\REAL TIME\PROJECTS\ENCS4330-REALTIMEPROJECT-3\MPLAB\MASTER\MASTER.ASM 48 : Found label after column 1. (res_unit)
Warning[207] D:\LECTURES'S NOTES\4TH YEAR\FIRST SEMESTER\REAL TIME\PROJECTS\ENCS4330-REALTIMEPROJECT-3\MPLAB\MASTER\MASTER.ASM 49 : Found label after column 1. (res_tens)
Warning[207] D:\LECTURES'S NOTES\4TH YEAR\FIRST SEMESTER\REAL TIME\PROJECTS\ENCS4330-REALTIMEPROJECT-3\MPLAB\MASTER\MASTER.ASM 50 : Found label after column 1. (res_hundreds)
Warning[207] D:\LECTURES'S NOTES\4TH YEAR\FIRST SEMESTER\REAL TIME\PROJECTS\ENCS4330-REALTIMEPROJECT-3\MPLAB\MASTER\MASTER.ASM 51 : Found label after column 1. (res_thousands)
Warning[207] D:\LECTURES'S NOTES\4TH YEAR\FIRST SEMESTER\REAL TIME\PROJECTS\ENCS4330-REALTIMEPROJECT-3\MPLAB\MASTER\MASTER.ASM 52 : Found label after column 1. (x)
Warning[207] D:\LECTURES'S NOTES\4TH YEAR\FIRST SEMESTER\REAL TIME\PROJECTS\ENCS4330-REALTIMEPROJECT-3\MPLAB\MASTER\MASTER.ASM 53 : Found label after column 1. (y)
Warning[207] D:\LECTURES'S NOTES\4TH YEAR\FIRST SEMESTER\REAL TIME\PROJECTS\ENCS4330-REALTIMEPROJECT-3\MPLAB\MASTER\MASTER.ASM 54 : Found label after column 1. (res_mult)
Message[305] D:\LECTURES'S NOTES\4TH YEAR\FIRST SEMESTER\REAL TIME\PROJECTS\ENCS4330-REALTIMEPROJECT-3\MPLAB\MASTER\MASTER.ASM 104 : Using default destination of 1 (file).
Warning[205] D:\LECTURES'S NOTES\4TH YEAR\FIRST SEMESTER\REAL TIME\PROJECTS\ENCS4330-REALTIMEPROJECT-3\MPLAB\MASTER\MASTER.ASM 237 : Found directive in column 1. (INCLUDE)
Message[305] D:\LECTURES'S NOTES\4TH YEAR\FIRST SEMESTER\REAL TIME\PROJECTS\ENCS4330-REALTIMEPROJECT-3\MPLAB\MASTER\LCDIS.INC 27 : Using default destination of 1 (file).
Message[305] D:\LECTURES'S NOTES\4TH YEAR\FIRST SEMESTER\REAL TIME\PROJECTS\ENCS4330-REALTIMEPROJECT-3\MPLAB\MASTER\LCDIS.INC 37 : Using default destination of 1 (file).
Message[305] D:\LECTURES'S NOTES\4TH YEAR\FIRST SEMESTER\REAL TIME\PROJECTS\ENCS4330-REALTIMEPROJECT-3\MPLAB\MASTER\LCDIS.INC 62 : Using default destination of 1 (file).
Message[305] D:\LECTURES'S NOTES\4TH YEAR\FIRST SEMESTER\REAL TIME\PROJECTS\ENCS4330-REALTIMEPROJECT-3\MPLAB\MASTER\LCDIS.INC 87 : Using default destination of 1 (file).
Message[302] D:\LECTURES'S NOTES\4TH YEAR\FIRST SEMESTER\REAL TIME\PROJECTS\ENCS4330-REALTIMEPROJECT-3\MPLAB\MASTER\MASTER.ASM 242 : Register in operand not in bank 0.  Ensure that bank bits are correct.
Message[302] D:\LECTURES'S NOTES\4TH YEAR\FIRST SEMESTER\REAL TIME\PROJECTS\ENCS4330-REALTIMEPROJECT-3\MPLAB\MASTER\MASTER.ASM 243 : Register in operand not in bank 0.  Ensure that bank bits are correct.
Message[302] D:\LECTURES'S NOTES\4TH YEAR\FIRST SEMESTER\REAL TIME\PROJECTS\ENCS4330-REALTIMEPROJECT-3\MPLAB\MASTER\MASTER.ASM 325 : Register in operand not in bank 0.  Ensure that bank bits are correct.
Warning[202] D:\LECTURES'S NOTES\4TH YEAR\FIRST SEMESTER\REAL TIME\PROJECTS\ENCS4330-REALTIMEPROJECT-3\MPLAB\MASTER\MASTER.ASM 450 : Argument out of range.  Least significant bits used.
Message[305] D:\LECTURES'S NOTES\4TH YEAR\FIRST SEMESTER\REAL TIME\PROJECTS\ENCS4330-REALTIMEPROJECT-3\MPLAB\MASTER\MASTER.ASM 609 : Using default destination of 1 (file).
Warning[205] D:\LECTURES'S NOTES\4TH YEAR\FIRST SEMESTER\REAL TIME\PROJECTS\ENCS4330-REALTIMEPROJECT-3\MPLAB\MASTER\MASTER.ASM 620 : Found directive in column 1. (END)
